<?xml version="1.0" encoding="UTF-8"?>
<!-- Generated by org.testng.reporters.JUnitReportReporter -->
<testsuite skipped="0" hostname="SURAJ-PC" name="com.qa.test.GetAPITest" tests="2" failures="0" timestamp="12 Jan 2020 08:21:15 GMT" time="3.127" errors="0">
  <testcase name="getAPITest" time="2.178" classname="com.qa.test.GetAPITest"/>
  <testcase name="getAPITestWithHeader" time="0.949" classname="com.qa.test.GetAPITest"/>
</testsuite> <!-- com.qa.test.GetAPITest -->
